<?xml version="1.0" encoding="UTF-8"?>
<testsuite name="com.fullcycle.admin.catolog.category.create.CreateCategoryUseCaseTest" tests="4" skipped="0" failures="0" errors="0" timestamp="2023-11-07T16:32:28" hostname="solumobinb" time="1.318">
  <properties/>
  <testcase name="givenAValidCommandWithInactiveCategory_WhenCallCreateCategory_thenShouldReturnACategoryID()" classname="com.fullcycle.admin.catolog.category.create.CreateCategoryUseCaseTest" time="1.266"/>
  <testcase name="givenAValidCommand_WhenCreateCategoryThrownsAGenericError_thenShouldThrowAnError()" classname="com.fullcycle.admin.catolog.category.create.CreateCategoryUseCaseTest" time="0.019"/>
  <testcase name="givenAValidCommand_WhenCallCreateCategory_thenShouldReturnACategoryID()" classname="com.fullcycle.admin.catolog.category.create.CreateCategoryUseCaseTest" time="0.009"/>
  <testcase name="givenAnInvalidName_whenCallsCreateCategory_thenShouldReturnADomainException()" classname="com.fullcycle.admin.catolog.category.create.CreateCategoryUseCaseTest" time="0.006"/>
  <system-out><![CDATA[]]></system-out>
  <system-err><![CDATA[]]></system-err>
</testsuite>
