<?xml version="1.0" encoding="UTF-8"?>
<testsuite name="com.fullcycle.admin.catolog.domain.category.CategoryTest" tests="1" skipped="0" failures="0" errors="0" timestamp="2023-11-03T16:14:36" hostname="solumobinb" time="0.052">
  <properties/>
  <testcase name="giveAValidCategory_whenCallUpdateWithInvalidParams_thenReturnCategoryUpdate()" classname="com.fullcycle.admin.catolog.domain.category.CategoryTest" time="0.052"/>
  <system-out><![CDATA[]]></system-out>
  <system-err><![CDATA[]]></system-err>
</testsuite>
